Using pre-set license
Built from '2021.2/staging' branch; Version is '2021.2.5f1 (4ec9a5e799f5) revision 5163429'; Using compiler version '192829333'; Build Type 'Release'
OS: 'Windows 10  (10.0.19042) 64bit Professional' Language: 'tr' Physical Memory: 16222 MB
BatchMode: 1, IsHumanControllingUs: 0, StartBugReporterOnCrash: 0, Is64bit: 1, IsPro: 0

COMMAND LINE ARGUMENTS:
C:\Program Files\Unity\Hub\Editor\2021.2.5f1\Editor\Unity.exe
-adb2
-batchMode
-noUpm
-name
AssetImportWorker5
-projectPath
C:/Users/eraya/OneDrive/Documents/GitHub/CubeSurfer
-logFile
Logs/AssetImportWorker5.log
-srvPort
49700
Successfully changed project path to: C:/Users/eraya/OneDrive/Documents/GitHub/CubeSurfer
C:/Users/eraya/OneDrive/Documents/GitHub/CubeSurfer
[UnityMemory] Configuration Parameters - Can be set up in boot.config
    "memorysetup-bucket-allocator-granularity=16"
    "memorysetup-bucket-allocator-bucket-count=8"
    "memorysetup-bucket-allocator-block-size=33554432"
    "memorysetup-bucket-allocator-block-count=8"
    "memorysetup-main-allocator-block-size=16777216"
    "memorysetup-thread-allocator-block-size=16777216"
    "memorysetup-gfx-main-allocator-block-size=16777216"
    "memorysetup-gfx-thread-allocator-block-size=16777216"
    "memorysetup-cache-allocator-block-size=4194304"
    "memorysetup-typetree-allocator-block-size=2097152"
    "memorysetup-profiler-bucket-allocator-granularity=16"
    "memorysetup-profiler-bucket-allocator-bucket-count=8"
    "memorysetup-profiler-bucket-allocator-block-size=33554432"
    "memorysetup-profiler-bucket-allocator-block-count=8"
    "memorysetup-profiler-allocator-block-size=16777216"
    "memorysetup-profiler-editor-allocator-block-size=1048576"
    "memorysetup-temp-allocator-size-main=16777216"
    "memorysetup-job-temp-allocator-block-size=2097152"
    "memorysetup-job-temp-allocator-block-size-background=1048576"
    "memorysetup-job-temp-allocator-reduction-small-platforms=262144"
    "memorysetup-temp-allocator-size-background-worker=32768"
    "memorysetup-temp-allocator-size-job-worker=262144"
    "memorysetup-temp-allocator-size-preload-manager=33554432"
    "memorysetup-temp-allocator-size-nav-mesh-worker=65536"
    "memorysetup-temp-allocator-size-audio-worker=65536"
    "memorysetup-temp-allocator-size-cloud-worker=32768"
    "memorysetup-temp-allocator-size-gi-baking-worker=262144"
    "memorysetup-temp-allocator-size-gfx=262144"
Refreshing native plugins compatible for Editor in 135.81 ms, found 3 plugins.
Preloading 0 native plugins for Editor in 0.00 ms.
Initialize engine version: 2021.2.5f1 (4ec9a5e799f5)
[Subsystems] Discovering subsystems at path C:/Program Files/Unity/Hub/Editor/2021.2.5f1/Editor/Data/Resources/UnitySubsystems
[Subsystems] Discovering subsystems at path C:/Users/eraya/OneDrive/Documents/GitHub/CubeSurfer/Assets
GfxDevice: creating device client; threaded=0; jobified=0
Direct3D:
    Version:  Direct3D 11.0 [level 11.1]
    Renderer: NVIDIA GeForce GTX 1650 Ti (ID=0x1f95)
    Vendor:   NVIDIA
    VRAM:     3962 MB
    Driver:   30.0.14.7196
Initialize mono
Mono path[0] = 'C:/Program Files/Unity/Hub/Editor/2021.2.5f1/Editor/Data/Managed'
Mono path[1] = 'C:/Program Files/Unity/Hub/Editor/2021.2.5f1/Editor/Data/MonoBleedingEdge/lib/mono/unityjit-win32'
Mono config path = 'C:/Program Files/Unity/Hub/Editor/2021.2.5f1/Editor/Data/MonoBleedingEdge/etc'
Using monoOptions --debugger-agent=transport=dt_socket,embedding=1,server=y,suspend=n,address=127.0.0.1:56792
Begin MonoManager ReloadAssembly
Registering precompiled unity dll's ...
Register platform support module: C:/Program Files/Unity/Hub/Editor/2021.2.5f1/Editor/Data/PlaybackEngines/WindowsStandaloneSupport/UnityEditor.WindowsStandalone.Extensions.dll
Registered in 0.008605 seconds.
Native extension for WindowsStandalone target not found
Refreshing native plugins compatible for Editor in 94.57 ms, found 3 plugins.
Preloading 0 native plugins for Editor in 0.00 ms.
Mono: successfully reloaded assembly
- Completed reload, in  0.727 seconds
Domain Reload Profiling:
	ReloadAssembly (728ms)
		BeginReloadAssembly (88ms)
			ExecutionOrderSort (0ms)
			DisableScriptedObjects (0ms)
			BackupInstance (0ms)
			ReleaseScriptingObjects (0ms)
			CreateAndSetChildDomain (1ms)
		EndReloadAssembly (548ms)
			LoadAssemblies (85ms)
			RebuildTransferFunctionScriptingTraits (0ms)
			SetupTypeCache (120ms)
			ReleaseScriptCaches (0ms)
			RebuildScriptCaches (35ms)
			SetupLoadedEditorAssemblies (329ms)
				LogAssemblyErrors (0ms)
				InitializePlatformSupportModulesInManaged (17ms)
				SetLoadedEditorAssemblies (0ms)
				RefreshPlugins (95ms)
				BeforeProcessingInitializeOnLoad (1ms)
				ProcessInitializeOnLoadAttributes (153ms)
				ProcessInitializeOnLoadMethodAttributes (62ms)
				AfterProcessingInitializeOnLoad (0ms)
				EditorAssembliesLoaded (0ms)
			ExecutionOrderSort2 (0ms)
			AwakeInstancesAfterBackupRestoration (0ms)
Platform modules already initialized, skipping
Registering precompiled user dll's ...
Registered in 0.009109 seconds.
Begin MonoManager ReloadAssembly
Symbol file LoadedFromMemory doesn't match image C:\Users\eraya\OneDrive\Documents\GitHub\CubeSurfer\Library\PackageCache\com.unity.visualscripting@1.7.5\Editor\VisualScripting.Core\Dependencies\YamlDotNet\Unity.VisualScripting.YamlDotNet.dll
Symbol file LoadedFromMemory doesn't match image C:\Users\eraya\OneDrive\Documents\GitHub\CubeSurfer\Library\PackageCache\com.unity.visualscripting@1.7.5\Editor\VisualScripting.Core\Dependencies\DotNetZip\Unity.VisualScripting.IonicZip.dll
Native extension for WindowsStandalone target not found
Refreshing native plugins compatible for Editor in 0.93 ms, found 3 plugins.
Preloading 0 native plugins for Editor in 0.00 ms.
Mono: successfully reloaded assembly
- Completed reload, in  1.274 seconds
Domain Reload Profiling:
	ReloadAssembly (1275ms)
		BeginReloadAssembly (205ms)
			ExecutionOrderSort (0ms)
			DisableScriptedObjects (7ms)
			BackupInstance (0ms)
			ReleaseScriptingObjects (0ms)
			CreateAndSetChildDomain (21ms)
		EndReloadAssembly (953ms)
			LoadAssemblies (89ms)
			RebuildTransferFunctionScriptingTraits (0ms)
			SetupTypeCache (263ms)
			ReleaseScriptCaches (1ms)
			RebuildScriptCaches (60ms)
			SetupLoadedEditorAssemblies (426ms)
				LogAssemblyErrors (0ms)
				InitializePlatformSupportModulesInManaged (14ms)
				SetLoadedEditorAssemblies (1ms)
				RefreshPlugins (1ms)
				BeforeProcessingInitializeOnLoad (88ms)
				ProcessInitializeOnLoadAttributes (285ms)
				ProcessInitializeOnLoadMethodAttributes (27ms)
				AfterProcessingInitializeOnLoad (10ms)
				EditorAssembliesLoaded (0ms)
			ExecutionOrderSort2 (0ms)
			AwakeInstancesAfterBackupRestoration (6ms)
Platform modules already initialized, skipping
========================================================================
Worker process is ready to serve import requests
Launched and connected shader compiler UnityShaderCompiler.exe after 0.09 seconds
Refreshing native plugins compatible for Editor in 0.67 ms, found 3 plugins.
Preloading 0 native plugins for Editor in 0.00 ms.
Unloading 3133 Unused Serialized files (Serialized files now loaded: 0)
Unloading 24 unused Assets / (30.3 KB). Loaded Objects now: 3622.
Memory consumption went from 127.2 MB to 127.2 MB.
Total: 3.357400 ms (FindLiveObjects: 0.288400 ms CreateObjectMapping: 0.266400 ms MarkObjects: 2.774900 ms  DeleteObjects: 0.026500 ms)

AssetImportParameters requested are different than current active one (requested -> active):
  custom:video-decoder-ogg-theora: a1e56fd34408186e4bbccfd4996cb3dc -> 
  custom:container-muxer-webm: aa71ff27fc2769a1b78a27578f13a17b -> 
  custom:container-demuxer-webm: 4f35f7cbe854078d1ac9338744f61a02 -> 
  custom:video-encoder-webm-vp8: eb34c28f22e8b96e1ab97ce403110664 -> 
  custom:audio-encoder-webm-vorbis: bf7c407c2cedff20999df2af8eb42d56 -> 
  custom:framework-win-MediaFoundation: 216162199b28c13a410421893ffa2e32 -> 
  custom:container-demuxer-ogg: 62fdf1f143b41e24485cea50d1cbac27 -> 
  custom:video-decoder-webm-vp8: 9c59270c3fd7afecdb556c50c9e8de78 -> 
  custom:audio-decoder-ogg-vorbis: bf7c407c2cedff20999df2af8eb42d56 -> 
========================================================================
Received Import Request.
  Time since last request: 9218.234986 seconds.
  path: Assets/Epic Toon FX/Prefabs/Interactive/Cards/CardglowType03.prefab
  artifactKey: Guid(c3fb0ba9daefe554d8a87d83f3bf272b) Importer(815301076,1909f56bfc062723c751e8b465ee728b)
Start importing Assets/Epic Toon FX/Prefabs/Interactive/Cards/CardglowType03.prefab using Guid(c3fb0ba9daefe554d8a87d83f3bf272b) Importer(815301076,1909f56bfc062723c751e8b465ee728b)  -> (artifact id: '911314c8f3ce5be3fdd18f8e9754e279') in 3.239058 seconds 
========================================================================
Received Import Request.
  Time since last request: 0.000034 seconds.
  path: Assets/Epic Toon FX/Prefabs/Interactive/Emojis/EmojiCute.prefab
  artifactKey: Guid(4f1ebd70022acf5478ef1322469c7ca8) Importer(815301076,1909f56bfc062723c751e8b465ee728b)
Start importing Assets/Epic Toon FX/Prefabs/Interactive/Emojis/EmojiCute.prefab using Guid(4f1ebd70022acf5478ef1322469c7ca8) Importer(815301076,1909f56bfc062723c751e8b465ee728b)  -> (artifact id: 'd35218a370fb272758aeb34e35adb5b0') in 0.030436 seconds 
========================================================================
Received Import Request.
  Time since last request: 0.000047 seconds.
  path: Assets/Epic Toon FX/Prefabs/Interactive/Emojis/EmojiKiss.prefab
  artifactKey: Guid(3a1dd40f2c911e541afb98fc9829ec06) Importer(815301076,1909f56bfc062723c751e8b465ee728b)
Start importing Assets/Epic Toon FX/Prefabs/Interactive/Emojis/EmojiKiss.prefab using Guid(3a1dd40f2c911e541afb98fc9829ec06) Importer(815301076,1909f56bfc062723c751e8b465ee728b)  -> (artifact id: '7848369e2ea36df7747b06d560d66ad0') in 0.027791 seconds 
========================================================================
Received Import Request.
  Time since last request: 0.000028 seconds.
  path: Assets/Epic Toon FX/Prefabs/Interactive/Emojis/EmojiCry.prefab
  artifactKey: Guid(93a7485b7f1564c4aae6a739c3edc50e) Importer(815301076,1909f56bfc062723c751e8b465ee728b)
Start importing Assets/Epic Toon FX/Prefabs/Interactive/Emojis/EmojiCry.prefab using Guid(93a7485b7f1564c4aae6a739c3edc50e) Importer(815301076,1909f56bfc062723c751e8b465ee728b)  -> (artifact id: '48e8928638b19da5dfdc28949b28d2bf') in 0.023478 seconds 
========================================================================
Received Import Request.
  Time since last request: 0.000056 seconds.
  path: Assets/Epic Toon FX/Prefabs/Interactive/Emojis/EmojiSmile.prefab
  artifactKey: Guid(ab519ef83513b594cad24b0df6fc5d72) Importer(815301076,1909f56bfc062723c751e8b465ee728b)
Start importing Assets/Epic Toon FX/Prefabs/Interactive/Emojis/EmojiSmile.prefab using Guid(ab519ef83513b594cad24b0df6fc5d72) Importer(815301076,1909f56bfc062723c751e8b465ee728b)  -> (artifact id: '3a77d6dc0b6c9f8ac157610105b8efbd') in 0.026070 seconds 
========================================================================
Received Import Request.
  Time since last request: 0.000026 seconds.
  path: Assets/Epic Toon FX/Prefabs/Interactive/Emojis/EmojiTearyEyes.prefab
  artifactKey: Guid(1e0c6a0eb09a18a4a969ae40ab7f8d63) Importer(815301076,1909f56bfc062723c751e8b465ee728b)
Start importing Assets/Epic Toon FX/Prefabs/Interactive/Emojis/EmojiTearyEyes.prefab using Guid(1e0c6a0eb09a18a4a969ae40ab7f8d63) Importer(815301076,1909f56bfc062723c751e8b465ee728b)  -> (artifact id: '9eafabe6d47d0ab27c79e281c94a0ff7') in 0.024935 seconds 
========================================================================
Received Import Request.
  Time since last request: 0.000025 seconds.
  path: Assets/Epic Toon FX/Prefabs/Interactive/Emojis/EmojiDisappointed.prefab
  artifactKey: Guid(f3a078e53333c434e93d5282b3c524c6) Importer(815301076,1909f56bfc062723c751e8b465ee728b)
Start importing Assets/Epic Toon FX/Prefabs/Interactive/Emojis/EmojiDisappointed.prefab using Guid(f3a078e53333c434e93d5282b3c524c6) Importer(815301076,1909f56bfc062723c751e8b465ee728b)  -> (artifact id: 'b1f0bf2e7c1fcda7d4f363ddbb1cb7d2') in 0.018783 seconds 
========================================================================
Received Import Request.
  Time since last request: 1.320961 seconds.
  path: Assets/Epic Toon FX/Prefabs/Interactive/Emojis 2/EmojiCrazy.prefab
  artifactKey: Guid(717a1835bfda9934fb8eb1a5ce0303aa) Importer(815301076,1909f56bfc062723c751e8b465ee728b)
Start importing Assets/Epic Toon FX/Prefabs/Interactive/Emojis 2/EmojiCrazy.prefab using Guid(717a1835bfda9934fb8eb1a5ce0303aa) Importer(815301076,1909f56bfc062723c751e8b465ee728b)  -> (artifact id: '34f56488ec0b9b3c928ec5b0e8e6b583') in 0.019610 seconds 
========================================================================
Received Import Request.
  Time since last request: 0.000023 seconds.
  path: Assets/Epic Toon FX/Prefabs/Interactive/Emojis 2/EmojiOwOEyebrow.prefab
  artifactKey: Guid(f57e08d89488661418c34eff8421ba63) Importer(815301076,1909f56bfc062723c751e8b465ee728b)
Start importing Assets/Epic Toon FX/Prefabs/Interactive/Emojis 2/EmojiOwOEyebrow.prefab using Guid(f57e08d89488661418c34eff8421ba63) Importer(815301076,1909f56bfc062723c751e8b465ee728b)  -> (artifact id: '37ad14d53fa704645617791a71886d6e') in 0.024313 seconds 
========================================================================
Received Import Request.
  Time since last request: 0.000047 seconds.
  path: Assets/Epic Toon FX/Prefabs/Interactive/Emojis 2/EmojiSillySmile.prefab
  artifactKey: Guid(794db297692d14f478f08805ce7c6cba) Importer(815301076,1909f56bfc062723c751e8b465ee728b)
Start importing Assets/Epic Toon FX/Prefabs/Interactive/Emojis 2/EmojiSillySmile.prefab using Guid(794db297692d14f478f08805ce7c6cba) Importer(815301076,1909f56bfc062723c751e8b465ee728b)  -> (artifact id: 'a9634233e44b8989228c7f908600672f') in 0.022425 seconds 
========================================================================
Received Import Request.
  Time since last request: 0.000025 seconds.
  path: Assets/Epic Toon FX/Prefabs/Interactive/Emojis 2/EmojiSinister.prefab
  artifactKey: Guid(28765ba8fe1d7654aaf05bc05d3757bd) Importer(815301076,1909f56bfc062723c751e8b465ee728b)
Start importing Assets/Epic Toon FX/Prefabs/Interactive/Emojis 2/EmojiSinister.prefab using Guid(28765ba8fe1d7654aaf05bc05d3757bd) Importer(815301076,1909f56bfc062723c751e8b465ee728b)  -> (artifact id: '7c8ed23b4ff9411e20bbcc1cfaf1b615') in 0.022842 seconds 
========================================================================
Received Import Request.
  Time since last request: 0.000030 seconds.
  path: Assets/Epic Toon FX/Prefabs/Interactive/Emojis 2/EmojiInjured.prefab
  artifactKey: Guid(111aea1c6d698f943bad9c9e0cc8d90b) Importer(815301076,1909f56bfc062723c751e8b465ee728b)
Start importing Assets/Epic Toon FX/Prefabs/Interactive/Emojis 2/EmojiInjured.prefab using Guid(111aea1c6d698f943bad9c9e0cc8d90b) Importer(815301076,1909f56bfc062723c751e8b465ee728b)  -> (artifact id: 'c64f03f1d24e0df5e7be8d54725459ef') in 0.026506 seconds 
========================================================================
Received Import Request.
  Time since last request: 0.000035 seconds.
  path: Assets/Epic Toon FX/Prefabs/Interactive/Emojis 2/EmojiPleading.prefab
  artifactKey: Guid(fffcfd7cc538fad44bd21dc78006a579) Importer(815301076,1909f56bfc062723c751e8b465ee728b)
Start importing Assets/Epic Toon FX/Prefabs/Interactive/Emojis 2/EmojiPleading.prefab using Guid(fffcfd7cc538fad44bd21dc78006a579) Importer(815301076,1909f56bfc062723c751e8b465ee728b)  -> (artifact id: '4709231b70d5f941c6067ba9c162f15b') in 0.020905 seconds 
========================================================================
Received Import Request.
  Time since last request: 0.000035 seconds.
  path: Assets/Epic Toon FX/Prefabs/Interactive/Emojis 2/EmojiEvilLaugh.prefab
  artifactKey: Guid(5cc0cca5fc93dfc439639c1333bd23d2) Importer(815301076,1909f56bfc062723c751e8b465ee728b)
Start importing Assets/Epic Toon FX/Prefabs/Interactive/Emojis 2/EmojiEvilLaugh.prefab using Guid(5cc0cca5fc93dfc439639c1333bd23d2) Importer(815301076,1909f56bfc062723c751e8b465ee728b)  -> (artifact id: '91787127b7fcc055af908abea7bcb628') in 0.026671 seconds 
========================================================================
Received Import Request.
  Time since last request: 0.000022 seconds.
  path: Assets/Epic Toon FX/Prefabs/Interactive/Emojis 2/EmojiThumbsDown.prefab
  artifactKey: Guid(2e56fd1643229fd459ca004221b6c96f) Importer(815301076,1909f56bfc062723c751e8b465ee728b)
Start importing Assets/Epic Toon FX/Prefabs/Interactive/Emojis 2/EmojiThumbsDown.prefab using Guid(2e56fd1643229fd459ca004221b6c96f) Importer(815301076,1909f56bfc062723c751e8b465ee728b)  -> (artifact id: '47430eae268632a9b4f316f3ed965306') in 0.024629 seconds 
========================================================================
Received Import Request.
  Time since last request: 0.000031 seconds.
  path: Assets/Epic Toon FX/Prefabs/Interactive/Emojis 2/EmojiOwO.prefab
  artifactKey: Guid(10ee181f684c0eb46b46b1bc2549b25a) Importer(815301076,1909f56bfc062723c751e8b465ee728b)
Start importing Assets/Epic Toon FX/Prefabs/Interactive/Emojis 2/EmojiOwO.prefab using Guid(10ee181f684c0eb46b46b1bc2549b25a) Importer(815301076,1909f56bfc062723c751e8b465ee728b)  -> (artifact id: '1623321a70f2c3d1a52359745c3975e1') in 0.023382 seconds 
========================================================================
Received Import Request.
  Time since last request: 0.000023 seconds.
  path: Assets/Epic Toon FX/Prefabs/Interactive/Emojis 2/EmojiUwU.prefab
  artifactKey: Guid(5191704a2e96bb84588aabf49cb8869c) Importer(815301076,1909f56bfc062723c751e8b465ee728b)
Start importing Assets/Epic Toon FX/Prefabs/Interactive/Emojis 2/EmojiUwU.prefab using Guid(5191704a2e96bb84588aabf49cb8869c) Importer(815301076,1909f56bfc062723c751e8b465ee728b)  -> (artifact id: '3ff79da4cd96e9e3bd286e7869b2f0be') in 0.021934 seconds 
========================================================================
Received Import Request.
  Time since last request: 35.089659 seconds.
  path: Assets/Epic Toon FX/Prefabs/Interactive/Loot/ItemSparkleSoft/ItemSparkleSoftPink.prefab
  artifactKey: Guid(6b6e64e1c81c0eb49afd3957f7a3c8ea) Importer(815301076,1909f56bfc062723c751e8b465ee728b)
Start importing Assets/Epic Toon FX/Prefabs/Interactive/Loot/ItemSparkleSoft/ItemSparkleSoftPink.prefab using Guid(6b6e64e1c81c0eb49afd3957f7a3c8ea) Importer(815301076,1909f56bfc062723c751e8b465ee728b)  -> (artifact id: '34c1d7e5989f5d3aae0dce345c30a131') in 0.019966 seconds 
========================================================================
Received Import Request.
  Time since last request: 0.000029 seconds.
  path: Assets/Epic Toon FX/Prefabs/Interactive/Loot/ItemSparkleSoft/ItemSparkleSoftWhite.prefab
  artifactKey: Guid(181798a00482bb14c94d17af8dce84f9) Importer(815301076,1909f56bfc062723c751e8b465ee728b)
Start importing Assets/Epic Toon FX/Prefabs/Interactive/Loot/ItemSparkleSoft/ItemSparkleSoftWhite.prefab using Guid(181798a00482bb14c94d17af8dce84f9) Importer(815301076,1909f56bfc062723c751e8b465ee728b)  -> (artifact id: 'a973f274c2589462e2ba8af811232d91') in 0.036695 seconds 
========================================================================
Received Import Request.
  Time since last request: 4.697974 seconds.
  path: Assets/Epic Toon FX/Prefabs/Interactive/Loot/ChestAppear/ChestAppearWhite.prefab
  artifactKey: Guid(3c2fb72925d7f3c4a8c2b92cc3a81390) Importer(815301076,1909f56bfc062723c751e8b465ee728b)
Start importing Assets/Epic Toon FX/Prefabs/Interactive/Loot/ChestAppear/ChestAppearWhite.prefab using Guid(3c2fb72925d7f3c4a8c2b92cc3a81390) Importer(815301076,1909f56bfc062723c751e8b465ee728b)  -> (artifact id: '470bf99f005959a8418b241c1c78b3ba') in 0.020146 seconds 
========================================================================
Received Import Request.
  Time since last request: 4.552493 seconds.
  path: Assets/Epic Toon FX/Prefabs/Interactive/Loot/GlowOrb/GlowOrbPink.prefab
  artifactKey: Guid(1ccb1978c7eca624fa51679bea0083ae) Importer(815301076,1909f56bfc062723c751e8b465ee728b)
Start importing Assets/Epic Toon FX/Prefabs/Interactive/Loot/GlowOrb/GlowOrbPink.prefab using Guid(1ccb1978c7eca624fa51679bea0083ae) Importer(815301076,1909f56bfc062723c751e8b465ee728b)  -> (artifact id: '206bc8dd773b2e8727772d8385cd8a76') in 0.019206 seconds 
========================================================================
Received Import Request.
  Time since last request: 0.000020 seconds.
  path: Assets/Epic Toon FX/Prefabs/Interactive/Loot/GlowOrb/GlowOrbYellow.prefab
  artifactKey: Guid(661f21b6e6d0a6543a4a1a9122f017b0) Importer(815301076,1909f56bfc062723c751e8b465ee728b)
Start importing Assets/Epic Toon FX/Prefabs/Interactive/Loot/GlowOrb/GlowOrbYellow.prefab using Guid(661f21b6e6d0a6543a4a1a9122f017b0) Importer(815301076,1909f56bfc062723c751e8b465ee728b)  -> (artifact id: 'a09f968b8e4d73dd0fe7313def96e9ae') in 0.017381 seconds 
========================================================================
Received Import Request.
  Time since last request: 509.192376 seconds.
  path: Assets/Coins/Prefabs/GameCoin-CoinGold/CoinGold-@.prefab
  artifactKey: Guid(22ca47161af3fd14dbbe896e31ff3f79) Importer(815301076,1909f56bfc062723c751e8b465ee728b)
Start importing Assets/Coins/Prefabs/GameCoin-CoinGold/CoinGold-@.prefab using Guid(22ca47161af3fd14dbbe896e31ff3f79) Importer(815301076,1909f56bfc062723c751e8b465ee728b)  -> (artifact id: '3c6782a4e7ab8a15738623f592b90c05') in 0.261906 seconds 
========================================================================
Received Import Request.
  Time since last request: 0.000049 seconds.
  path: Assets/Coins/Prefabs/GameCoin-CoinGold/CoinGoldLightCheckered-Coin.prefab
  artifactKey: Guid(e726e605252492940867d0f4cecf1440) Importer(815301076,1909f56bfc062723c751e8b465ee728b)
Start importing Assets/Coins/Prefabs/GameCoin-CoinGold/CoinGoldLightCheckered-Coin.prefab using Guid(e726e605252492940867d0f4cecf1440) Importer(815301076,1909f56bfc062723c751e8b465ee728b)  -> (artifact id: '60e4ef5b5ea0c97f820f764be76079cc') in 0.038700 seconds 
========================================================================
Received Import Request.
  Time since last request: 0.000039 seconds.
  path: Assets/Coins/Prefabs/GameCoin-CoinGold/CoinGoldLightCheckered-Bolt.prefab
  artifactKey: Guid(e9565ab65e4c43a458d68eece2494502) Importer(815301076,1909f56bfc062723c751e8b465ee728b)
Start importing Assets/Coins/Prefabs/GameCoin-CoinGold/CoinGoldLightCheckered-Bolt.prefab using Guid(e9565ab65e4c43a458d68eece2494502) Importer(815301076,1909f56bfc062723c751e8b465ee728b)  -> (artifact id: '9ec98e49dfd2667a055c7086700dc7de') in 0.045331 seconds 
========================================================================
Received Import Request.
  Time since last request: 0.000083 seconds.
  path: Assets/Coins/Prefabs/GameCoin-CoinGold/CoinGold3D-PokerLeaf.prefab
  artifactKey: Guid(2dc6f4253438efa4ebd9d588aded2ef2) Importer(815301076,1909f56bfc062723c751e8b465ee728b)
Start importing Assets/Coins/Prefabs/GameCoin-CoinGold/CoinGold3D-PokerLeaf.prefab using Guid(2dc6f4253438efa4ebd9d588aded2ef2) Importer(815301076,1909f56bfc062723c751e8b465ee728b)  -> (artifact id: 'b302fae1cff12234bbcbcb5d486ef50e') in 0.034226 seconds 
========================================================================
Received Import Request.
  Time since last request: 0.000062 seconds.
  path: Assets/Coins/Prefabs/GameCoin-CoinGold/CoinGold3D-Skull.prefab
  artifactKey: Guid(e1859ac86d237c747a30ce4c0260cb89) Importer(815301076,1909f56bfc062723c751e8b465ee728b)
Start importing Assets/Coins/Prefabs/GameCoin-CoinGold/CoinGold3D-Skull.prefab using Guid(e1859ac86d237c747a30ce4c0260cb89) Importer(815301076,1909f56bfc062723c751e8b465ee728b)  -> (artifact id: '918bb8237722276fac467fa108420eb7') in 0.040504 seconds 
========================================================================
Received Import Request.
  Time since last request: 0.000029 seconds.
  path: Assets/Coins/Prefabs/GameCoin-CoinGold/CoinGold3D-$.prefab
  artifactKey: Guid(c1093e5d73c071b42842bc9444c8975b) Importer(815301076,1909f56bfc062723c751e8b465ee728b)
Start importing Assets/Coins/Prefabs/GameCoin-CoinGold/CoinGold3D-$.prefab using Guid(c1093e5d73c071b42842bc9444c8975b) Importer(815301076,1909f56bfc062723c751e8b465ee728b)  -> (artifact id: '7c3e775dbfa01fcf6ffd9a004e5acc0b') in 0.040568 seconds 
========================================================================
Received Import Request.
  Time since last request: 0.000039 seconds.
  path: Assets/Coins/Prefabs/GameCoin-CoinGold/CoinGold3D-_.prefab
  artifactKey: Guid(a39df5724f83cb24492cfab00c926520) Importer(815301076,1909f56bfc062723c751e8b465ee728b)
Start importing Assets/Coins/Prefabs/GameCoin-CoinGold/CoinGold3D-_.prefab using Guid(a39df5724f83cb24492cfab00c926520) Importer(815301076,1909f56bfc062723c751e8b465ee728b)  -> (artifact id: 'b1412299e8c13e3deb23ab7fb78969c0') in 0.044629 seconds 
========================================================================
Received Import Request.
  Time since last request: 0.000050 seconds.
  path: Assets/Coins/Prefabs/GameCoin-CoinGold/CoinGold3D-Cherry.prefab
  artifactKey: Guid(46d4ab45b2206104d856b7ac8502d5cb) Importer(815301076,1909f56bfc062723c751e8b465ee728b)
Start importing Assets/Coins/Prefabs/GameCoin-CoinGold/CoinGold3D-Cherry.prefab using Guid(46d4ab45b2206104d856b7ac8502d5cb) Importer(815301076,1909f56bfc062723c751e8b465ee728b)  -> (artifact id: '98fa7b2646e47d58e0e6c6ad670ae14c') in 0.039029 seconds 
========================================================================
Received Import Request.
  Time since last request: 0.000045 seconds.
  path: Assets/Coins/Prefabs/GameCoin-CoinGold/CoinGold-Spade.prefab
  artifactKey: Guid(3454de689ea80ae41b5a7df636519323) Importer(815301076,1909f56bfc062723c751e8b465ee728b)
Start importing Assets/Coins/Prefabs/GameCoin-CoinGold/CoinGold-Spade.prefab using Guid(3454de689ea80ae41b5a7df636519323) Importer(815301076,1909f56bfc062723c751e8b465ee728b)  -> (artifact id: '49e557d29ceeea952b2d362fa26e8d7d') in 0.040813 seconds 
========================================================================
Received Import Request.
  Time since last request: 0.000077 seconds.
  path: Assets/Coins/Prefabs/GameCoin-CoinGold/CoinGoldLightCheckered-FlatDesignedOutline-Coin.prefab
  artifactKey: Guid(1e96f0af112f0e449b4d61f0b17998ec) Importer(815301076,1909f56bfc062723c751e8b465ee728b)
Start importing Assets/Coins/Prefabs/GameCoin-CoinGold/CoinGoldLightCheckered-FlatDesignedOutline-Coin.prefab using Guid(1e96f0af112f0e449b4d61f0b17998ec) Importer(815301076,1909f56bfc062723c751e8b465ee728b)  -> (artifact id: 'ca915454ae7f6eab2354427c2ede5fb7') in 0.035090 seconds 
========================================================================
Received Import Request.
  Time since last request: 0.000112 seconds.
  path: Assets/Coins/Prefabs/GameCoin-CoinGold/CoinGold-Star.prefab
  artifactKey: Guid(e5916856dc100a44781f84d2463361c1) Importer(815301076,1909f56bfc062723c751e8b465ee728b)
Start importing Assets/Coins/Prefabs/GameCoin-CoinGold/CoinGold-Star.prefab using Guid(e5916856dc100a44781f84d2463361c1) Importer(815301076,1909f56bfc062723c751e8b465ee728b)  -> (artifact id: 'f7375f17bef0e7bd5296e69e0383d29f') in 0.039229 seconds 
========================================================================
Received Import Request.
  Time since last request: 0.000031 seconds.
  path: Assets/Coins/Prefabs/GameCoin-CoinGold/CoinGoldLightCheckered-@.prefab
  artifactKey: Guid(b47f156f02dba3d44b86e7bce022ea61) Importer(815301076,1909f56bfc062723c751e8b465ee728b)
Start importing Assets/Coins/Prefabs/GameCoin-CoinGold/CoinGoldLightCheckered-@.prefab using Guid(b47f156f02dba3d44b86e7bce022ea61) Importer(815301076,1909f56bfc062723c751e8b465ee728b)  -> (artifact id: '3a78c61da6edd40273c90dc3f6209496') in 0.038268 seconds 
========================================================================
Received Import Request.
  Time since last request: 0.000043 seconds.
  path: Assets/Coins/Prefabs/GameCoin-CoinGold/CoinGold3D-Time.prefab
  artifactKey: Guid(2f96fdfb3a2e5c341b48650ea4b6260a) Importer(815301076,1909f56bfc062723c751e8b465ee728b)
Start importing Assets/Coins/Prefabs/GameCoin-CoinGold/CoinGold3D-Time.prefab using Guid(2f96fdfb3a2e5c341b48650ea4b6260a) Importer(815301076,1909f56bfc062723c751e8b465ee728b)  -> (artifact id: '9afcac35768be538d7ddd78357c47bdf') in 0.038332 seconds 
========================================================================
Received Import Request.
  Time since last request: 0.000030 seconds.
  path: Assets/Coins/Prefabs/GameCoin-CoinGold/CoinGold-Cherry.prefab
  artifactKey: Guid(b03094a85194fdc468396b2db39965b4) Importer(815301076,1909f56bfc062723c751e8b465ee728b)
Start importing Assets/Coins/Prefabs/GameCoin-CoinGold/CoinGold-Cherry.prefab using Guid(b03094a85194fdc468396b2db39965b4) Importer(815301076,1909f56bfc062723c751e8b465ee728b)  -> (artifact id: '7708449597668c199a058b527b50834d') in 0.043471 seconds 
========================================================================
Received Import Request.
  Time since last request: 0.000059 seconds.
  path: Assets/Coins/Prefabs/GameCoin-CoinGold/CoinGoldLightCheckered-_.prefab
  artifactKey: Guid(bcc9f7bd3c7621f4c8e000b16bf9b544) Importer(815301076,1909f56bfc062723c751e8b465ee728b)
Start importing Assets/Coins/Prefabs/GameCoin-CoinGold/CoinGoldLightCheckered-_.prefab using Guid(bcc9f7bd3c7621f4c8e000b16bf9b544) Importer(815301076,1909f56bfc062723c751e8b465ee728b)  -> (artifact id: '1833ee570f05a8ec203430a92a87276a') in 0.036477 seconds 
========================================================================
Received Import Request.
  Time since last request: 0.000043 seconds.
  path: Assets/Coins/Prefabs/GameCoin-CoinGold/CoinGold-Bolt.prefab
  artifactKey: Guid(1d52e9184f87be04eaf1f72a43a0e5de) Importer(815301076,1909f56bfc062723c751e8b465ee728b)
Start importing Assets/Coins/Prefabs/GameCoin-CoinGold/CoinGold-Bolt.prefab using Guid(1d52e9184f87be04eaf1f72a43a0e5de) Importer(815301076,1909f56bfc062723c751e8b465ee728b)  -> (artifact id: '441cc69f58364a7e76f8d95fa1422985') in 0.038713 seconds 
========================================================================
Received Import Request.
  Time since last request: 0.000034 seconds.
  path: Assets/Coins/Prefabs/GameCoin-CoinGold/CoinGoldCheckered-FlatDesignedOutlineWhite-Shield.prefab
  artifactKey: Guid(6799f96e99654314a928014839981b72) Importer(815301076,1909f56bfc062723c751e8b465ee728b)
Start importing Assets/Coins/Prefabs/GameCoin-CoinGold/CoinGoldCheckered-FlatDesignedOutlineWhite-Shield.prefab using Guid(6799f96e99654314a928014839981b72) Importer(815301076,1909f56bfc062723c751e8b465ee728b)  -> (artifact id: '92b8fb606d7fa213216d1240f3958b49') in 0.027943 seconds 
========================================================================
Received Import Request.
  Time since last request: 0.000055 seconds.
  path: Assets/Coins/Prefabs/GameCoin-CoinGold/CoinGold3D-Diamond.prefab
  artifactKey: Guid(f41983fc11adf7d47bb5f0952fb6df43) Importer(815301076,1909f56bfc062723c751e8b465ee728b)
Start importing Assets/Coins/Prefabs/GameCoin-CoinGold/CoinGold3D-Diamond.prefab using Guid(f41983fc11adf7d47bb5f0952fb6df43) Importer(815301076,1909f56bfc062723c751e8b465ee728b)  -> (artifact id: '0cd2fdbbb46f8e63a9fcd3614113721a') in 0.037022 seconds 
========================================================================
Received Import Request.
  Time since last request: 0.000062 seconds.
  path: Assets/Coins/Prefabs/GameCoin-CoinGold/CoinGold-Coin.prefab
  artifactKey: Guid(07e24418d195b3d499e2e76e9a33bd31) Importer(815301076,1909f56bfc062723c751e8b465ee728b)
Start importing Assets/Coins/Prefabs/GameCoin-CoinGold/CoinGold-Coin.prefab using Guid(07e24418d195b3d499e2e76e9a33bd31) Importer(815301076,1909f56bfc062723c751e8b465ee728b)  -> (artifact id: '47a59a8255ea2bfc90dd4f724a6ba231') in 0.037368 seconds 
========================================================================
Received Import Request.
  Time since last request: 0.000028 seconds.
  path: Assets/Coins/Prefabs/GameCoin-CoinGold/CoinGoldLightCheckered-FlatDesignedOutline-@.prefab
  artifactKey: Guid(122c8570d9b8a01408f835467f77bb33) Importer(815301076,1909f56bfc062723c751e8b465ee728b)
Start importing Assets/Coins/Prefabs/GameCoin-CoinGold/CoinGoldLightCheckered-FlatDesignedOutline-@.prefab using Guid(122c8570d9b8a01408f835467f77bb33) Importer(815301076,1909f56bfc062723c751e8b465ee728b)  -> (artifact id: 'c2682f776925169422918458b4b2250e') in 0.027996 seconds 
========================================================================
Received Import Request.
  Time since last request: 0.000049 seconds.
  path: Assets/Coins/Prefabs/GameCoin-CoinGold/CoinGold-Cup.prefab
  artifactKey: Guid(93335e0eb0687d8429dc109eaab80d17) Importer(815301076,1909f56bfc062723c751e8b465ee728b)
Start importing Assets/Coins/Prefabs/GameCoin-CoinGold/CoinGold-Cup.prefab using Guid(93335e0eb0687d8429dc109eaab80d17) Importer(815301076,1909f56bfc062723c751e8b465ee728b)  -> (artifact id: 'ea24abce8cf0e8589f2fa69b8dfa8158') in 0.037608 seconds 
========================================================================
Received Import Request.
  Time since last request: 0.000033 seconds.
  path: Assets/Coins/Prefabs/GameCoin-CoinGold/CoinGoldLightCheckered-$.prefab
  artifactKey: Guid(f0a35953b76a4534b80e2a549eecd97e) Importer(815301076,1909f56bfc062723c751e8b465ee728b)
Start importing Assets/Coins/Prefabs/GameCoin-CoinGold/CoinGoldLightCheckered-$.prefab using Guid(f0a35953b76a4534b80e2a549eecd97e) Importer(815301076,1909f56bfc062723c751e8b465ee728b)  -> (artifact id: 'aba99b592001cb7a523ccb69955d5d8a') in 0.036751 seconds 
========================================================================
Received Import Request.
  Time since last request: 0.000046 seconds.
  path: Assets/Coins/Prefabs/GameCoin-CoinGold/CoinGoldCheckered-FlatDesignedOutlineWhite-PokerLeaf.prefab
  artifactKey: Guid(64290448a8f345d449a530a5578bdc98) Importer(815301076,1909f56bfc062723c751e8b465ee728b)
Start importing Assets/Coins/Prefabs/GameCoin-CoinGold/CoinGoldCheckered-FlatDesignedOutlineWhite-PokerLeaf.prefab using Guid(64290448a8f345d449a530a5578bdc98) Importer(815301076,1909f56bfc062723c751e8b465ee728b)  -> (artifact id: 'b63ce9cda7adcbe501394fd8630f678e') in 0.034373 seconds 
========================================================================
Received Import Request.
  Time since last request: 0.000059 seconds.
  path: Assets/Coins/Prefabs/GameCoin-CoinGold/CoinGold3D-Bolt.prefab
  artifactKey: Guid(506994edf62bd47408193ca3c1823ae6) Importer(815301076,1909f56bfc062723c751e8b465ee728b)
Start importing Assets/Coins/Prefabs/GameCoin-CoinGold/CoinGold3D-Bolt.prefab using Guid(506994edf62bd47408193ca3c1823ae6) Importer(815301076,1909f56bfc062723c751e8b465ee728b)  -> (artifact id: 'ccf9c06e89360982736557feed0cec4d') in 0.040390 seconds 
========================================================================
Received Import Request.
  Time since last request: 0.000048 seconds.
  path: Assets/Coins/Prefabs/GameCoin-CoinGold/CoinGoldLightCheckered-Diamond.prefab
  artifactKey: Guid(36733131c9b70c44f8e4aeff6704d290) Importer(815301076,1909f56bfc062723c751e8b465ee728b)
Start importing Assets/Coins/Prefabs/GameCoin-CoinGold/CoinGoldLightCheckered-Diamond.prefab using Guid(36733131c9b70c44f8e4aeff6704d290) Importer(815301076,1909f56bfc062723c751e8b465ee728b)  -> (artifact id: '90736c7b3b6ef4e94f171c09901a7620') in 0.036541 seconds 
========================================================================
Received Import Request.
  Time since last request: 0.000029 seconds.
  path: Assets/Coins/Prefabs/GameCoin-CoinGold/CoinGold-Gift.prefab
  artifactKey: Guid(cc2d86f5f108f8e4c9bad581aa8316c1) Importer(815301076,1909f56bfc062723c751e8b465ee728b)
Start importing Assets/Coins/Prefabs/GameCoin-CoinGold/CoinGold-Gift.prefab using Guid(cc2d86f5f108f8e4c9bad581aa8316c1) Importer(815301076,1909f56bfc062723c751e8b465ee728b)  -> (artifact id: 'e14a6299acd51ddf1bf005dc7b8a1538') in 0.035749 seconds 
========================================================================
Received Import Request.
  Time since last request: 0.000032 seconds.
  path: Assets/Coins/Prefabs/GameCoin-CoinGold/CoinGoldCheckered-FlatDesignedOutlineWhite-Crown.prefab
  artifactKey: Guid(4be25692c3f692b4d88bc4a87765143e) Importer(815301076,1909f56bfc062723c751e8b465ee728b)
Start importing Assets/Coins/Prefabs/GameCoin-CoinGold/CoinGoldCheckered-FlatDesignedOutlineWhite-Crown.prefab using Guid(4be25692c3f692b4d88bc4a87765143e) Importer(815301076,1909f56bfc062723c751e8b465ee728b)  -> (artifact id: '9d34c458645011549d4c3d8d655acb30') in 0.027286 seconds 
========================================================================
Received Import Request.
  Time since last request: 0.000091 seconds.
  path: Assets/Coins/Prefabs/GameCoin-CoinGold/CoinGoldLightCheckered-Crown 1.prefab
  artifactKey: Guid(d01539359b70faf42a3dcb0a68801ca4) Importer(815301076,1909f56bfc062723c751e8b465ee728b)
Start importing Assets/Coins/Prefabs/GameCoin-CoinGold/CoinGoldLightCheckered-Crown 1.prefab using Guid(d01539359b70faf42a3dcb0a68801ca4) Importer(815301076,1909f56bfc062723c751e8b465ee728b)  -> (artifact id: 'f6fdb13f9a89aa974917bad5bb6f6805') in 0.035135 seconds 
========================================================================
Received Import Request.
  Time since last request: 0.000027 seconds.
  path: Assets/Coins/Prefabs/GameCoin-CoinGold/CoinGoldLightCheckered-FlatDesignedOutline-$.prefab
  artifactKey: Guid(974c0b86605f0f2499546525b4795d24) Importer(815301076,1909f56bfc062723c751e8b465ee728b)
Start importing Assets/Coins/Prefabs/GameCoin-CoinGold/CoinGoldLightCheckered-FlatDesignedOutline-$.prefab using Guid(974c0b86605f0f2499546525b4795d24) Importer(815301076,1909f56bfc062723c751e8b465ee728b)  -> (artifact id: 'fc23c5602da3c8654e0ebf7d6738d99f') in 0.027511 seconds 
========================================================================
Received Import Request.
  Time since last request: 0.000034 seconds.
  path: Assets/Coins/Prefabs/GameCoin-CoinGold/CoinGold3D-Key.prefab
  artifactKey: Guid(20af780d2aafb8d4bafa3ce77b9c49dd) Importer(815301076,1909f56bfc062723c751e8b465ee728b)
Start importing Assets/Coins/Prefabs/GameCoin-CoinGold/CoinGold3D-Key.prefab using Guid(20af780d2aafb8d4bafa3ce77b9c49dd) Importer(815301076,1909f56bfc062723c751e8b465ee728b)  -> (artifact id: '755428df3cc40d10fc6f6d185a88d82f') in 0.039394 seconds 
========================================================================
Received Import Request.
  Time since last request: 0.000026 seconds.
  path: Assets/Coins/Prefabs/GameCoin-CoinGold/CoinGoldCheckered-FlatDesignedOutlineWhite-@.prefab
  artifactKey: Guid(1587436c8fc1b7146a51665c97f1b89c) Importer(815301076,1909f56bfc062723c751e8b465ee728b)
Start importing Assets/Coins/Prefabs/GameCoin-CoinGold/CoinGoldCheckered-FlatDesignedOutlineWhite-@.prefab using Guid(1587436c8fc1b7146a51665c97f1b89c) Importer(815301076,1909f56bfc062723c751e8b465ee728b)  -> (artifact id: '767286858422ef5517a7db80a2193d75') in 0.029630 seconds 
========================================================================
Received Import Request.
  Time since last request: 0.000025 seconds.
  path: Assets/Coins/Prefabs/GameCoin-CoinGold/CoinGoldCheckered-FlatDesignedOutlineWhite-Star.prefab
  artifactKey: Guid(723348c65d9cce04683439d881394788) Importer(815301076,1909f56bfc062723c751e8b465ee728b)
Start importing Assets/Coins/Prefabs/GameCoin-CoinGold/CoinGoldCheckered-FlatDesignedOutlineWhite-Star.prefab using Guid(723348c65d9cce04683439d881394788) Importer(815301076,1909f56bfc062723c751e8b465ee728b)  -> (artifact id: '2f85d1fb2d5122e3a2d2bb39ecad1014') in 0.029276 seconds 
========================================================================
Received Import Request.
  Time since last request: 0.000032 seconds.
  path: Assets/Coins/Prefabs/GameCoin-CoinGold/CoinGold3D-Coin.prefab
  artifactKey: Guid(3b19e24760f1b214998bcbb9ce7470fc) Importer(815301076,1909f56bfc062723c751e8b465ee728b)
Start importing Assets/Coins/Prefabs/GameCoin-CoinGold/CoinGold3D-Coin.prefab using Guid(3b19e24760f1b214998bcbb9ce7470fc) Importer(815301076,1909f56bfc062723c751e8b465ee728b)  -> (artifact id: '548b8073d11b5c481eff12c24a5ff009') in 0.037612 seconds 
========================================================================
Received Import Request.
  Time since last request: 0.000070 seconds.
  path: Assets/Coins/Prefabs/GameCoin-CoinGold/CoinGold3D-Crown.prefab
  artifactKey: Guid(7ac438f2a4beeb246b1482cff2ff0d0e) Importer(815301076,1909f56bfc062723c751e8b465ee728b)
Start importing Assets/Coins/Prefabs/GameCoin-CoinGold/CoinGold3D-Crown.prefab using Guid(7ac438f2a4beeb246b1482cff2ff0d0e) Importer(815301076,1909f56bfc062723c751e8b465ee728b)  -> (artifact id: '5285479c9caf650a8c4dc972bc0658b7') in 0.038330 seconds 
========================================================================
Received Import Request.
  Time since last request: 0.000030 seconds.
  path: Assets/Coins/Prefabs/GameCoin-CoinGold/CoinGold-Music.prefab
  artifactKey: Guid(39c91279b62bc0744b3c810615d067a6) Importer(815301076,1909f56bfc062723c751e8b465ee728b)
Start importing Assets/Coins/Prefabs/GameCoin-CoinGold/CoinGold-Music.prefab using Guid(39c91279b62bc0744b3c810615d067a6) Importer(815301076,1909f56bfc062723c751e8b465ee728b)  -> (artifact id: 'e8b21eb68207fbe8c0ffea8af36b459e') in 0.038464 seconds 
========================================================================
Received Import Request.
  Time since last request: 0.000044 seconds.
  path: Assets/Coins/Prefabs/GameCoin-CoinGold/CoinGoldCheckered-FlatDesignedOutlineWhite-Skull.prefab
  artifactKey: Guid(f7a9e345d0418e740a68d00da3d4171a) Importer(815301076,1909f56bfc062723c751e8b465ee728b)
Start importing Assets/Coins/Prefabs/GameCoin-CoinGold/CoinGoldCheckered-FlatDesignedOutlineWhite-Skull.prefab using Guid(f7a9e345d0418e740a68d00da3d4171a) Importer(815301076,1909f56bfc062723c751e8b465ee728b)  -> (artifact id: 'c961b8d58bf51c6b50411b3da3d4c72a') in 0.028538 seconds 
========================================================================
Received Import Request.
  Time since last request: 0.000022 seconds.
  path: Assets/Coins/Prefabs/GameCoin-CoinGold/CoinGoldLightCheckered-Cog.prefab
  artifactKey: Guid(d6d01e879f3aeda40a3aebdb4532de30) Importer(815301076,1909f56bfc062723c751e8b465ee728b)
Start importing Assets/Coins/Prefabs/GameCoin-CoinGold/CoinGoldLightCheckered-Cog.prefab using Guid(d6d01e879f3aeda40a3aebdb4532de30) Importer(815301076,1909f56bfc062723c751e8b465ee728b)  -> (artifact id: '58b344438f3b33da7703edf5e01d9a83') in 0.036503 seconds 
========================================================================
Received Import Request.
  Time since last request: 0.000029 seconds.
  path: Assets/Coins/Prefabs/GameCoin-CoinGold/CoinGold3D-Spade.prefab
  artifactKey: Guid(a4759e78ffb5e394a9208100cf0807ee) Importer(815301076,1909f56bfc062723c751e8b465ee728b)
Start importing Assets/Coins/Prefabs/GameCoin-CoinGold/CoinGold3D-Spade.prefab using Guid(a4759e78ffb5e394a9208100cf0807ee) Importer(815301076,1909f56bfc062723c751e8b465ee728b)  -> (artifact id: '84249e8f57703599ec95f383b0a66f0b') in 0.037415 seconds 
========================================================================
Received Import Request.
  Time since last request: 0.000027 seconds.
  path: Assets/Coins/Prefabs/GameCoin-CoinGold/CoinGold-Key.prefab
  artifactKey: Guid(e654235889ecdc74ba1b695c3f0c307f) Importer(815301076,1909f56bfc062723c751e8b465ee728b)
Start importing Assets/Coins/Prefabs/GameCoin-CoinGold/CoinGold-Key.prefab using Guid(e654235889ecdc74ba1b695c3f0c307f) Importer(815301076,1909f56bfc062723c751e8b465ee728b)  -> (artifact id: '9767d2e0690081519c6ed5d3e70dd00d') in 0.039627 seconds 
========================================================================
Received Import Request.
  Time since last request: 0.000039 seconds.
  path: Assets/Coins/Prefabs/GameCoin-CoinGold/CoinGoldCheckered-FlatDesignedOutlineWhite-Music.prefab
  artifactKey: Guid(475aa6c935d31b749a36de16c0782698) Importer(815301076,1909f56bfc062723c751e8b465ee728b)
Start importing Assets/Coins/Prefabs/GameCoin-CoinGold/CoinGoldCheckered-FlatDesignedOutlineWhite-Music.prefab using Guid(475aa6c935d31b749a36de16c0782698) Importer(815301076,1909f56bfc062723c751e8b465ee728b)  -> (artifact id: '3a040a50550ab1019766985cb6a9d5e5') in 0.025283 seconds 
========================================================================
Received Import Request.
  Time since last request: 68.946522 seconds.
  path: Assets/Coins/ArtWork-Sprite/GameCoin-BlueCoin-B.png
  artifactKey: Guid(954e7fb58ae745147bc0ca46e2f9652f) Importer(815301076,1909f56bfc062723c751e8b465ee728b)
Start importing Assets/Coins/ArtWork-Sprite/GameCoin-BlueCoin-B.png using Guid(954e7fb58ae745147bc0ca46e2f9652f) Importer(815301076,1909f56bfc062723c751e8b465ee728b)  -> (artifact id: 'b364b8135c084cf62eaf4eedb70dbc0a') in 0.602155 seconds 
========================================================================
Received Import Request.
  Time since last request: 0.000067 seconds.
  path: Assets/Coins/ArtWork-Sprite/GameCoin-GoldRedCoin-A.png
  artifactKey: Guid(b8c2054d5fd0bee48a1d28f20a961b97) Importer(815301076,1909f56bfc062723c751e8b465ee728b)
Start importing Assets/Coins/ArtWork-Sprite/GameCoin-GoldRedCoin-A.png using Guid(b8c2054d5fd0bee48a1d28f20a961b97) Importer(815301076,1909f56bfc062723c751e8b465ee728b)  -> (artifact id: 'a26b838a2bec35c28e5079bad5dec76b') in 0.526316 seconds 
========================================================================
Received Import Request.
  Time since last request: 0.000039 seconds.
  path: Assets/Coins/ArtWork-Sprite/GameCoin-GoldWhite-A.png
  artifactKey: Guid(66d0501b56f102140820f030da0bd6c2) Importer(815301076,1909f56bfc062723c751e8b465ee728b)
Start importing Assets/Coins/ArtWork-Sprite/GameCoin-GoldWhite-A.png using Guid(66d0501b56f102140820f030da0bd6c2) Importer(815301076,1909f56bfc062723c751e8b465ee728b)  -> (artifact id: 'a079df639e9ca4c3e1c7cbdccf768f91') in 0.486586 seconds 
========================================================================
Received Import Request.
  Time since last request: 0.000057 seconds.
  path: Assets/Coins/ArtWork-Sprite/GameCoin-Silver-D.png
  artifactKey: Guid(dcf9f57dcc92f2c4bafdb1f199bc42ab) Importer(815301076,1909f56bfc062723c751e8b465ee728b)
Start importing Assets/Coins/ArtWork-Sprite/GameCoin-Silver-D.png using Guid(dcf9f57dcc92f2c4bafdb1f199bc42ab) Importer(815301076,1909f56bfc062723c751e8b465ee728b)  -> (artifact id: '5908e1526ac2acc61e68c30cd1e2a2ce') in 0.180215 seconds 
========================================================================
Received Import Request.
  Time since last request: 0.000037 seconds.
  path: Assets/Coins/ArtWork-Sprite/GameCoin-Silver-C.png
  artifactKey: Guid(d198d89289497844f875fe52af20220a) Importer(815301076,1909f56bfc062723c751e8b465ee728b)
Start importing Assets/Coins/ArtWork-Sprite/GameCoin-Silver-C.png using Guid(d198d89289497844f875fe52af20220a) Importer(815301076,1909f56bfc062723c751e8b465ee728b)  -> (artifact id: '3e219d5fd4b7075e50900a74eb9dfac5') in 0.550493 seconds 
========================================================================
Received Import Request.
  Time since last request: 0.000068 seconds.
  path: Assets/Coins/ArtWork-Sprite/GameCoin-GoldWhite-B.png
  artifactKey: Guid(8a4e3dbaa46507841bc6e330269dc172) Importer(815301076,1909f56bfc062723c751e8b465ee728b)
Start importing Assets/Coins/ArtWork-Sprite/GameCoin-GoldWhite-B.png using Guid(8a4e3dbaa46507841bc6e330269dc172) Importer(815301076,1909f56bfc062723c751e8b465ee728b)  -> (artifact id: 'f4f5d5a9e2091ee42b935f4d46f8c8ae') in 0.518879 seconds 
========================================================================
Received Import Request.
  Time since last request: 0.000038 seconds.
  path: Assets/Coins/ArtWork-Sprite/GameCoin-GoldRedCoin-B.png
  artifactKey: Guid(9519b985fdcce874494c9b7ca25498eb) Importer(815301076,1909f56bfc062723c751e8b465ee728b)
Start importing Assets/Coins/ArtWork-Sprite/GameCoin-GoldRedCoin-B.png using Guid(9519b985fdcce874494c9b7ca25498eb) Importer(815301076,1909f56bfc062723c751e8b465ee728b)  -> (artifact id: '5b43924c728d604171dcc61397a88db5') in 0.522957 seconds 
========================================================================
Received Import Request.
  Time since last request: 0.000021 seconds.
  path: Assets/Coins/ArtWork-Sprite/GameCoin-GoldCoin-B.png
  artifactKey: Guid(29e1ab83be999aa40a8a02107071b190) Importer(815301076,1909f56bfc062723c751e8b465ee728b)
Start importing Assets/Coins/ArtWork-Sprite/GameCoin-GoldCoin-B.png using Guid(29e1ab83be999aa40a8a02107071b190) Importer(815301076,1909f56bfc062723c751e8b465ee728b)  -> (artifact id: '10bf4ebb7b5b1586bfdca093c134e922') in 0.486233 seconds 
========================================================================
Received Import Request.
  Time since last request: 0.000032 seconds.
  path: Assets/Coins/ArtWork-Sprite/GameCoin-PurpleCoin-A.png
  artifactKey: Guid(558ceb9be206c93408abc1f40d230c7d) Importer(815301076,1909f56bfc062723c751e8b465ee728b)
Start importing Assets/Coins/ArtWork-Sprite/GameCoin-PurpleCoin-A.png using Guid(558ceb9be206c93408abc1f40d230c7d) Importer(815301076,1909f56bfc062723c751e8b465ee728b)  -> (artifact id: '10a183bbd118e4a4e02d74950f2ed6cc') in 0.521462 seconds 
========================================================================
Received Import Request.
  Time since last request: 0.000033 seconds.
  path: Assets/Coins/ArtWork-Sprite/GameCoin-GoldCoin-C.png
  artifactKey: Guid(c665d535d9a1b27479675aca68f66dd7) Importer(815301076,1909f56bfc062723c751e8b465ee728b)
Start importing Assets/Coins/ArtWork-Sprite/GameCoin-GoldCoin-C.png using Guid(c665d535d9a1b27479675aca68f66dd7) Importer(815301076,1909f56bfc062723c751e8b465ee728b)  -> (artifact id: '83e36890d82c355af6110d56680a2c67') in 0.348077 seconds 
Editor requested this worker to shutdown with reason: Scaling down because of idle timeout
AssetImportWorker is now disconnected from the server
Process exiting
Exiting without the bug reporter. Application will terminate with return code 0