Using pre-set license
Built from '2021.2/staging' branch; Version is '2021.2.5f1 (4ec9a5e799f5) revision 5163429'; Using compiler version '192829333'; Build Type 'Release'
OS: 'Windows 10  (10.0.19042) 64bit Professional' Language: 'tr' Physical Memory: 16222 MB
BatchMode: 1, IsHumanControllingUs: 0, StartBugReporterOnCrash: 0, Is64bit: 1, IsPro: 0

COMMAND LINE ARGUMENTS:
C:\Program Files\Unity\Hub\Editor\2021.2.5f1\Editor\Unity.exe
-adb2
-batchMode
-noUpm
-name
AssetImportWorker0
-projectPath
C:/Users/eraya/OneDrive/Documents/GitHub/CubeSurfer
-logFile
Logs/AssetImportWorker0.log
-srvPort
49700
Successfully changed project path to: C:/Users/eraya/OneDrive/Documents/GitHub/CubeSurfer
C:/Users/eraya/OneDrive/Documents/GitHub/CubeSurfer
[UnityMemory] Configuration Parameters - Can be set up in boot.config
    "memorysetup-bucket-allocator-granularity=16"
    "memorysetup-bucket-allocator-bucket-count=8"
    "memorysetup-bucket-allocator-block-size=33554432"
    "memorysetup-bucket-allocator-block-count=8"
    "memorysetup-main-allocator-block-size=16777216"
    "memorysetup-thread-allocator-block-size=16777216"
    "memorysetup-gfx-main-allocator-block-size=16777216"
    "memorysetup-gfx-thread-allocator-block-size=16777216"
    "memorysetup-cache-allocator-block-size=4194304"
    "memorysetup-typetree-allocator-block-size=2097152"
    "memorysetup-profiler-bucket-allocator-granularity=16"
    "memorysetup-profiler-bucket-allocator-bucket-count=8"
    "memorysetup-profiler-bucket-allocator-block-size=33554432"
    "memorysetup-profiler-bucket-allocator-block-count=8"
    "memorysetup-profiler-allocator-block-size=16777216"
    "memorysetup-profiler-editor-allocator-block-size=1048576"
    "memorysetup-temp-allocator-size-main=16777216"
    "memorysetup-job-temp-allocator-block-size=2097152"
    "memorysetup-job-temp-allocator-block-size-background=1048576"
    "memorysetup-job-temp-allocator-reduction-small-platforms=262144"
    "memorysetup-temp-allocator-size-background-worker=32768"
    "memorysetup-temp-allocator-size-job-worker=262144"
    "memorysetup-temp-allocator-size-preload-manager=33554432"
    "memorysetup-temp-allocator-size-nav-mesh-worker=65536"
    "memorysetup-temp-allocator-size-audio-worker=65536"
    "memorysetup-temp-allocator-size-cloud-worker=32768"
    "memorysetup-temp-allocator-size-gi-baking-worker=262144"
    "memorysetup-temp-allocator-size-gfx=262144"
Refreshing native plugins compatible for Editor in 95.93 ms, found 3 plugins.
Preloading 0 native plugins for Editor in 0.00 ms.
Initialize engine version: 2021.2.5f1 (4ec9a5e799f5)
[Subsystems] Discovering subsystems at path C:/Program Files/Unity/Hub/Editor/2021.2.5f1/Editor/Data/Resources/UnitySubsystems
[Subsystems] Discovering subsystems at path C:/Users/eraya/OneDrive/Documents/GitHub/CubeSurfer/Assets
GfxDevice: creating device client; threaded=0; jobified=0
Direct3D:
    Version:  Direct3D 11.0 [level 11.1]
    Renderer: NVIDIA GeForce GTX 1650 Ti (ID=0x1f95)
    Vendor:   NVIDIA
    VRAM:     3962 MB
    Driver:   30.0.14.7196
Initialize mono
Mono path[0] = 'C:/Program Files/Unity/Hub/Editor/2021.2.5f1/Editor/Data/Managed'
Mono path[1] = 'C:/Program Files/Unity/Hub/Editor/2021.2.5f1/Editor/Data/MonoBleedingEdge/lib/mono/unityjit-win32'
Mono config path = 'C:/Program Files/Unity/Hub/Editor/2021.2.5f1/Editor/Data/MonoBleedingEdge/etc'
Using monoOptions --debugger-agent=transport=dt_socket,embedding=1,server=y,suspend=n,address=127.0.0.1:56964
Begin MonoManager ReloadAssembly
Registering precompiled unity dll's ...
Register platform support module: C:/Program Files/Unity/Hub/Editor/2021.2.5f1/Editor/Data/PlaybackEngines/WindowsStandaloneSupport/UnityEditor.WindowsStandalone.Extensions.dll
Registered in 0.007243 seconds.
Native extension for WindowsStandalone target not found
Refreshing native plugins compatible for Editor in 92.43 ms, found 3 plugins.
Preloading 0 native plugins for Editor in 0.00 ms.
Mono: successfully reloaded assembly
- Completed reload, in  0.715 seconds
Domain Reload Profiling:
	ReloadAssembly (715ms)
		BeginReloadAssembly (80ms)
			ExecutionOrderSort (0ms)
			DisableScriptedObjects (0ms)
			BackupInstance (0ms)
			ReleaseScriptingObjects (0ms)
			CreateAndSetChildDomain (1ms)
		EndReloadAssembly (547ms)
			LoadAssemblies (78ms)
			RebuildTransferFunctionScriptingTraits (0ms)
			SetupTypeCache (116ms)
			ReleaseScriptCaches (0ms)
			RebuildScriptCaches (34ms)
			SetupLoadedEditorAssemblies (334ms)
				LogAssemblyErrors (0ms)
				InitializePlatformSupportModulesInManaged (18ms)
				SetLoadedEditorAssemblies (0ms)
				RefreshPlugins (93ms)
				BeforeProcessingInitializeOnLoad (2ms)
				ProcessInitializeOnLoadAttributes (162ms)
				ProcessInitializeOnLoadMethodAttributes (60ms)
				AfterProcessingInitializeOnLoad (0ms)
				EditorAssembliesLoaded (0ms)
			ExecutionOrderSort2 (0ms)
			AwakeInstancesAfterBackupRestoration (0ms)
Platform modules already initialized, skipping
Registering precompiled user dll's ...
Registered in 0.007362 seconds.
Begin MonoManager ReloadAssembly
Symbol file LoadedFromMemory doesn't match image C:\Users\eraya\OneDrive\Documents\GitHub\CubeSurfer\Library\PackageCache\com.unity.visualscripting@1.7.5\Editor\VisualScripting.Core\Dependencies\YamlDotNet\Unity.VisualScripting.YamlDotNet.dll
Symbol file LoadedFromMemory doesn't match image C:\Users\eraya\OneDrive\Documents\GitHub\CubeSurfer\Library\PackageCache\com.unity.visualscripting@1.7.5\Editor\VisualScripting.Core\Dependencies\DotNetZip\Unity.VisualScripting.IonicZip.dll
Native extension for WindowsStandalone target not found
Refreshing native plugins compatible for Editor in 0.90 ms, found 3 plugins.
Preloading 0 native plugins for Editor in 0.00 ms.
Mono: successfully reloaded assembly
- Completed reload, in  1.315 seconds
Domain Reload Profiling:
	ReloadAssembly (1316ms)
		BeginReloadAssembly (215ms)
			ExecutionOrderSort (0ms)
			DisableScriptedObjects (7ms)
			BackupInstance (0ms)
			ReleaseScriptingObjects (0ms)
			CreateAndSetChildDomain (21ms)
		EndReloadAssembly (983ms)
			LoadAssemblies (92ms)
			RebuildTransferFunctionScriptingTraits (0ms)
			SetupTypeCache (266ms)
			ReleaseScriptCaches (1ms)
			RebuildScriptCaches (64ms)
			SetupLoadedEditorAssemblies (449ms)
				LogAssemblyErrors (0ms)
				InitializePlatformSupportModulesInManaged (15ms)
				SetLoadedEditorAssemblies (1ms)
				RefreshPlugins (1ms)
				BeforeProcessingInitializeOnLoad (89ms)
				ProcessInitializeOnLoadAttributes (307ms)
				ProcessInitializeOnLoadMethodAttributes (28ms)
				AfterProcessingInitializeOnLoad (8ms)
				EditorAssembliesLoaded (0ms)
			ExecutionOrderSort2 (0ms)
			AwakeInstancesAfterBackupRestoration (7ms)
Platform modules already initialized, skipping
========================================================================
Worker process is ready to serve import requests
Launched and connected shader compiler UnityShaderCompiler.exe after 0.08 seconds
Refreshing native plugins compatible for Editor in 1.19 ms, found 3 plugins.
Preloading 0 native plugins for Editor in 0.00 ms.
Unloading 3133 Unused Serialized files (Serialized files now loaded: 0)
Unloading 24 unused Assets / (30.4 KB). Loaded Objects now: 3622.
Memory consumption went from 127.2 MB to 127.2 MB.
Total: 3.106800 ms (FindLiveObjects: 0.291000 ms CreateObjectMapping: 0.192400 ms MarkObjects: 2.601100 ms  DeleteObjects: 0.021500 ms)

AssetImportParameters requested are different than current active one (requested -> active):
  custom:video-decoder-ogg-theora: a1e56fd34408186e4bbccfd4996cb3dc -> 
  custom:container-muxer-webm: aa71ff27fc2769a1b78a27578f13a17b -> 
  custom:container-demuxer-webm: 4f35f7cbe854078d1ac9338744f61a02 -> 
  custom:video-encoder-webm-vp8: eb34c28f22e8b96e1ab97ce403110664 -> 
  custom:audio-encoder-webm-vorbis: bf7c407c2cedff20999df2af8eb42d56 -> 
  custom:framework-win-MediaFoundation: 216162199b28c13a410421893ffa2e32 -> 
  custom:container-demuxer-ogg: 62fdf1f143b41e24485cea50d1cbac27 -> 
  custom:video-decoder-webm-vp8: 9c59270c3fd7afecdb556c50c9e8de78 -> 
  custom:audio-decoder-ogg-vorbis: bf7c407c2cedff20999df2af8eb42d56 -> 
========================================================================
Received Import Request.
  Time since last request: 3024.088981 seconds.
  path: Assets/Epic Toon FX/Prefabs/Interactive
  artifactKey: Guid(c124bc3761df6b645b13327710905460) Importer(815301076,1909f56bfc062723c751e8b465ee728b)
Start importing Assets/Epic Toon FX/Prefabs/Interactive using Guid(c124bc3761df6b645b13327710905460) Importer(815301076,1909f56bfc062723c751e8b465ee728b)  -> (artifact id: '228cbd0275b4aea36718014f3a53b1b7') in 0.010583 seconds 
========================================================================
Received Import Request.
  Time since last request: 0.000037 seconds.
  path: Assets/Epic Toon FX/Prefabs
  artifactKey: Guid(6542b3763b8eb5045989be480649636b) Importer(815301076,1909f56bfc062723c751e8b465ee728b)
Start importing Assets/Epic Toon FX/Prefabs using Guid(6542b3763b8eb5045989be480649636b) Importer(815301076,1909f56bfc062723c751e8b465ee728b)  -> (artifact id: '05d457cea756683ba39ff90a5804dc6b') in 0.006796 seconds 
========================================================================
Received Import Request.
  Time since last request: 2.959333 seconds.
  path: Assets/Epic Toon FX/Prefabs/Interactive/Money
  artifactKey: Guid(2f69ff5811d251a4ea2687a6b69155e5) Importer(815301076,1909f56bfc062723c751e8b465ee728b)
Start importing Assets/Epic Toon FX/Prefabs/Interactive/Money using Guid(2f69ff5811d251a4ea2687a6b69155e5) Importer(815301076,1909f56bfc062723c751e8b465ee728b)  -> (artifact id: 'd40df6322dfadcfe75c19c4f4f6a6f5b') in 0.009081 seconds 
========================================================================
Received Import Request.
  Time since last request: 1.850078 seconds.
  path: Assets/Epic Toon FX/Prefabs/Interactive/Money/Coins
  artifactKey: Guid(d6fdd1aae8473c048a67ecf966f73351) Importer(815301076,1909f56bfc062723c751e8b465ee728b)
Start importing Assets/Epic Toon FX/Prefabs/Interactive/Money/Coins using Guid(d6fdd1aae8473c048a67ecf966f73351) Importer(815301076,1909f56bfc062723c751e8b465ee728b)  -> (artifact id: '4bc0ce60241a1afa458cf4ba41aee476') in 0.008412 seconds 
========================================================================
Received Import Request.
  Time since last request: 0.063760 seconds.
  path: Assets/Epic Toon FX/Prefabs/Interactive/Money/Coins/GoldCoinBlast.prefab
  artifactKey: Guid(09d9de58ef3bf5444ac94afa0e6013cb) Importer(815301076,1909f56bfc062723c751e8b465ee728b)
Start importing Assets/Epic Toon FX/Prefabs/Interactive/Money/Coins/GoldCoinBlast.prefab using Guid(09d9de58ef3bf5444ac94afa0e6013cb) Importer(815301076,1909f56bfc062723c751e8b465ee728b)  -> (artifact id: '994617acbce4e14d2fc8620ce45c8be7') in 0.200112 seconds 
========================================================================
Received Import Request.
  Time since last request: 0.000025 seconds.
  path: Assets/Epic Toon FX/Prefabs/Interactive/Money/Coins/GoldCoinShower.prefab
  artifactKey: Guid(258d13d2331bbf34e837bdf97fea4878) Importer(815301076,1909f56bfc062723c751e8b465ee728b)
Start importing Assets/Epic Toon FX/Prefabs/Interactive/Money/Coins/GoldCoinShower.prefab using Guid(258d13d2331bbf34e837bdf97fea4878) Importer(815301076,1909f56bfc062723c751e8b465ee728b)  -> (artifact id: '09913fa2c1df5a3d4ed6a4aec2283cb8') in 0.021464 seconds 
========================================================================
Received Import Request.
  Time since last request: 0.000040 seconds.
  path: Assets/Epic Toon FX/Prefabs/Interactive/Money/Coins/SilverCoinBlast.prefab
  artifactKey: Guid(4d66c00407d4c964bac5acc674375fdb) Importer(815301076,1909f56bfc062723c751e8b465ee728b)
Start importing Assets/Epic Toon FX/Prefabs/Interactive/Money/Coins/SilverCoinBlast.prefab using Guid(4d66c00407d4c964bac5acc674375fdb) Importer(815301076,1909f56bfc062723c751e8b465ee728b)  -> (artifact id: '0f84202abcb4e5fc155a33863ae2f47d') in 0.034630 seconds 
========================================================================
Received Import Request.
  Time since last request: 0.000020 seconds.
  path: Assets/Epic Toon FX/Prefabs/Interactive/Money/Coins/SilverCoinShower.prefab
  artifactKey: Guid(e4968c01b672c784d85abe3c0bdaa626) Importer(815301076,1909f56bfc062723c751e8b465ee728b)
Start importing Assets/Epic Toon FX/Prefabs/Interactive/Money/Coins/SilverCoinShower.prefab using Guid(e4968c01b672c784d85abe3c0bdaa626) Importer(815301076,1909f56bfc062723c751e8b465ee728b)  -> (artifact id: 'f5a084a930a43d56c3b3fb8e7edf7bfb') in 0.024521 seconds 
========================================================================
Received Import Request.
  Time since last request: 29.518963 seconds.
  path: Assets/Epic Toon FX/Prefabs/Interactive/Money/Bills/DollarbillDirectional.prefab
  artifactKey: Guid(5fcafcc84e4baa34fad1dfafcad179c5) Importer(815301076,1909f56bfc062723c751e8b465ee728b)
Start importing Assets/Epic Toon FX/Prefabs/Interactive/Money/Bills/DollarbillDirectional.prefab using Guid(5fcafcc84e4baa34fad1dfafcad179c5) Importer(815301076,1909f56bfc062723c751e8b465ee728b)  -> (artifact id: '03526b73b70b642df8fad9485384faf5') in 0.019068 seconds 
========================================================================
Received Import Request.
  Time since last request: 22.209190 seconds.
  path: Assets/Epic Toon FX/Prefabs/Interactive/Sparkle/SparkleArea/SparkleAreaGreen.prefab
  artifactKey: Guid(0e5ef80beee6f234b9b27568218dbaf1) Importer(815301076,1909f56bfc062723c751e8b465ee728b)
Start importing Assets/Epic Toon FX/Prefabs/Interactive/Sparkle/SparkleArea/SparkleAreaGreen.prefab using Guid(0e5ef80beee6f234b9b27568218dbaf1) Importer(815301076,1909f56bfc062723c751e8b465ee728b)  -> (artifact id: 'de3dd6c24d463d4ecfe4944cce08675e') in 0.016664 seconds 
========================================================================
Received Import Request.
  Time since last request: 16.409584 seconds.
  path: Assets/Epic Toon FX/Prefabs/Interactive/Sparkle/SparkleSolo/SparkleSoloGreen.prefab
  artifactKey: Guid(13e5af8874e2564429769eb36107e7e2) Importer(815301076,1909f56bfc062723c751e8b465ee728b)
Start importing Assets/Epic Toon FX/Prefabs/Interactive/Sparkle/SparkleSolo/SparkleSoloGreen.prefab using Guid(13e5af8874e2564429769eb36107e7e2) Importer(815301076,1909f56bfc062723c751e8b465ee728b)  -> (artifact id: '75db5efae5a19a9b41b753cb894d483b') in 0.017973 seconds 
========================================================================
Received Import Request.
  Time since last request: 6.982840 seconds.
  path: Assets/Epic Toon FX/Prefabs/Interactive/Trails/IceFloorTrail.prefab
  artifactKey: Guid(88cf0884542d69c48a0f59e0f17ade92) Importer(815301076,1909f56bfc062723c751e8b465ee728b)
Start importing Assets/Epic Toon FX/Prefabs/Interactive/Trails/IceFloorTrail.prefab using Guid(88cf0884542d69c48a0f59e0f17ade92) Importer(815301076,1909f56bfc062723c751e8b465ee728b)  -> (artifact id: '7deebfc2758d82a9b0e304acd69182e2') in 0.021650 seconds 
========================================================================
Received Import Request.
  Time since last request: 0.000025 seconds.
  path: Assets/Epic Toon FX/Prefabs/Interactive/Trails/LightningFloorYellowTrail.prefab
  artifactKey: Guid(36c40fe19a4447d468678ecd395846df) Importer(815301076,1909f56bfc062723c751e8b465ee728b)
Start importing Assets/Epic Toon FX/Prefabs/Interactive/Trails/LightningFloorYellowTrail.prefab using Guid(36c40fe19a4447d468678ecd395846df) Importer(815301076,1909f56bfc062723c751e8b465ee728b)  -> (artifact id: '09120954d232c04517545366fdfe0f94') in 0.035787 seconds 
========================================================================
Received Import Request.
  Time since last request: 120.142916 seconds.
  path: Assets/Epic Toon FX/Prefabs/Interactive/Stars/StarExplosion.prefab
  artifactKey: Guid(cc4edba986607ba48b17927b27d25e4e) Importer(815301076,1909f56bfc062723c751e8b465ee728b)
Start importing Assets/Epic Toon FX/Prefabs/Interactive/Stars/StarExplosion.prefab using Guid(cc4edba986607ba48b17927b27d25e4e) Importer(815301076,1909f56bfc062723c751e8b465ee728b)  -> (artifact id: '29c5b629a0d1660b92aeb0930e9bedf2') in 0.027328 seconds 
========================================================================
Received Import Request.
  Time since last request: 0.000024 seconds.
  path: Assets/Epic Toon FX/Prefabs/Interactive/Stars/StarStream.prefab
  artifactKey: Guid(bdfc2e8cc9f84144793e5547753ada5a) Importer(815301076,1909f56bfc062723c751e8b465ee728b)
Start importing Assets/Epic Toon FX/Prefabs/Interactive/Stars/StarStream.prefab using Guid(bdfc2e8cc9f84144793e5547753ada5a) Importer(815301076,1909f56bfc062723c751e8b465ee728b)  -> (artifact id: '29e21756481aa92a823a3665947b1fc4') in 0.028122 seconds 
========================================================================
Received Import Request.
  Time since last request: 0.000025 seconds.
  path: Assets/Epic Toon FX/Prefabs/Interactive/Stars/StarTrail.prefab
  artifactKey: Guid(23818e20c9fcaa74eae69d5f3348c74d) Importer(815301076,1909f56bfc062723c751e8b465ee728b)
Start importing Assets/Epic Toon FX/Prefabs/Interactive/Stars/StarTrail.prefab using Guid(23818e20c9fcaa74eae69d5f3348c74d) Importer(815301076,1909f56bfc062723c751e8b465ee728b)  -> (artifact id: '2b4f06f8b621a0f55f9291f5b24a2cc7') in 0.032506 seconds 
========================================================================
Received Import Request.
  Time since last request: 11.636453 seconds.
  path: Assets/Epic Toon FX/Prefabs/Interactive/Zone/BasicZone/BasicZoneGreen.prefab
  artifactKey: Guid(087da436576d35542825d392925d79c4) Importer(815301076,1909f56bfc062723c751e8b465ee728b)
Start importing Assets/Epic Toon FX/Prefabs/Interactive/Zone/BasicZone/BasicZoneGreen.prefab using Guid(087da436576d35542825d392925d79c4) Importer(815301076,1909f56bfc062723c751e8b465ee728b)  -> (artifact id: 'b847f1389cbd496662eb178bc399ef20') in 0.020071 seconds 
========================================================================
Received Import Request.
  Time since last request: 0.000018 seconds.
  path: Assets/Epic Toon FX/Prefabs/Interactive/Zone/BasicZone/BasicZoneYellow.prefab
  artifactKey: Guid(3f97cdb2dde8d7f44a37ce3a93c2bf69) Importer(815301076,1909f56bfc062723c751e8b465ee728b)
Start importing Assets/Epic Toon FX/Prefabs/Interactive/Zone/BasicZone/BasicZoneYellow.prefab using Guid(3f97cdb2dde8d7f44a37ce3a93c2bf69) Importer(815301076,1909f56bfc062723c751e8b465ee728b)  -> (artifact id: 'ea9c46da5c20c0e93291d475cf4d7522') in 0.027264 seconds 
========================================================================
Received Import Request.
  Time since last request: 32.532851 seconds.
  path: Assets/Epic Toon FX/Prefabs/Interactive/Zone/SpinZone/SpinZoneOrange.prefab
  artifactKey: Guid(31bea997407d42b4c815aff8926295bb) Importer(815301076,1909f56bfc062723c751e8b465ee728b)
Start importing Assets/Epic Toon FX/Prefabs/Interactive/Zone/SpinZone/SpinZoneOrange.prefab using Guid(31bea997407d42b4c815aff8926295bb) Importer(815301076,1909f56bfc062723c751e8b465ee728b)  -> (artifact id: '03a70203364b04310181a67401e3fed1') in 0.019057 seconds 
========================================================================
Received Import Request.
  Time since last request: 26.878975 seconds.
  path: Assets/Epic Toon FX/Prefabs/Interactive/Powerups/PowerupActivate/PowerupActivateGreen.prefab
  artifactKey: Guid(1342eed2661c76f43af6fbb613df9de1) Importer(815301076,1909f56bfc062723c751e8b465ee728b)
Start importing Assets/Epic Toon FX/Prefabs/Interactive/Powerups/PowerupActivate/PowerupActivateGreen.prefab using Guid(1342eed2661c76f43af6fbb613df9de1) Importer(815301076,1909f56bfc062723c751e8b465ee728b)  -> (artifact id: '8cdc6d215f7215dbee76baec5130f7fb') in 0.023512 seconds 
========================================================================
Received Import Request.
  Time since last request: 18.504387 seconds.
  path: Assets/Epic Toon FX/Prefabs/Interactive/Powerups/PowerOrb/PowerOrbGreen.prefab
  artifactKey: Guid(315050d378b700943aff76df62626fe5) Importer(815301076,1909f56bfc062723c751e8b465ee728b)
Start importing Assets/Epic Toon FX/Prefabs/Interactive/Powerups/PowerOrb/PowerOrbGreen.prefab using Guid(315050d378b700943aff76df62626fe5) Importer(815301076,1909f56bfc062723c751e8b465ee728b)  -> (artifact id: '356ed20d7ddb9507c770212295ecd1ae') in 0.022810 seconds 
========================================================================
Received Import Request.
  Time since last request: 0.000026 seconds.
  path: Assets/Epic Toon FX/Prefabs/Interactive/Powerups/PowerOrb/PowerOrbYellow.prefab
  artifactKey: Guid(ef5a7269b1cf9dc4ca6e2bb959e8ec9b) Importer(815301076,1909f56bfc062723c751e8b465ee728b)
Start importing Assets/Epic Toon FX/Prefabs/Interactive/Powerups/PowerOrb/PowerOrbYellow.prefab using Guid(ef5a7269b1cf9dc4ca6e2bb959e8ec9b) Importer(815301076,1909f56bfc062723c751e8b465ee728b)  -> (artifact id: '4dbc8306c19abacca2bfaca39715866c') in 0.028967 seconds 
========================================================================
Received Import Request.
  Time since last request: 6.729302 seconds.
  path: Assets/Epic Toon FX/Prefabs/Interactive/Powerups/PowerOrbElemental/PowerOrbFrostElemental.prefab
  artifactKey: Guid(16378541428887043a2d2ba231613bb9) Importer(815301076,1909f56bfc062723c751e8b465ee728b)
Start importing Assets/Epic Toon FX/Prefabs/Interactive/Powerups/PowerOrbElemental/PowerOrbFrostElemental.prefab using Guid(16378541428887043a2d2ba231613bb9) Importer(815301076,1909f56bfc062723c751e8b465ee728b)  -> (artifact id: '3dee51213b5487bc0fb9adb356575524') in 0.022244 seconds 
========================================================================
Received Import Request.
  Time since last request: 0.000023 seconds.
  path: Assets/Epic Toon FX/Prefabs/Interactive/Powerups/PowerOrbElemental/PowerOrbStormElemental.prefab
  artifactKey: Guid(8813e80d6641f0b41b9590f58211f3e2) Importer(815301076,1909f56bfc062723c751e8b465ee728b)
Start importing Assets/Epic Toon FX/Prefabs/Interactive/Powerups/PowerOrbElemental/PowerOrbStormElemental.prefab using Guid(8813e80d6641f0b41b9590f58211f3e2) Importer(815301076,1909f56bfc062723c751e8b465ee728b)  -> (artifact id: 'b5ebd38b51c236cfc6c5a3a312009e88') in 0.030782 seconds 
========================================================================
Received Import Request.
  Time since last request: 44.946820 seconds.
  path: Assets/Epic Toon FX/Prefabs/Interactive/Flares/Sharp/FlareSharpGreen.prefab
  artifactKey: Guid(0331687acfc45b94982b8629e0c49e39) Importer(815301076,1909f56bfc062723c751e8b465ee728b)
Start importing Assets/Epic Toon FX/Prefabs/Interactive/Flares/Sharp/FlareSharpGreen.prefab using Guid(0331687acfc45b94982b8629e0c49e39) Importer(815301076,1909f56bfc062723c751e8b465ee728b)  -> (artifact id: 'c87bab4380b108bc6b040a9b2b553ded') in 0.024040 seconds 
========================================================================
Received Import Request.
  Time since last request: 15.333019 seconds.
  path: Assets/Epic Toon FX/Prefabs/Interactive/Flares/Soft/FlareSoftGreen.prefab
  artifactKey: Guid(a4f8b964c8ec83344bad9dd4dc9e60c4) Importer(815301076,1909f56bfc062723c751e8b465ee728b)
Start importing Assets/Epic Toon FX/Prefabs/Interactive/Flares/Soft/FlareSoftGreen.prefab using Guid(a4f8b964c8ec83344bad9dd4dc9e60c4) Importer(815301076,1909f56bfc062723c751e8b465ee728b)  -> (artifact id: '7c254ce8ffc01702c71db51a78de20fb') in 0.020925 seconds 
========================================================================
Received Import Request.
  Time since last request: 0.000022 seconds.
  path: Assets/Epic Toon FX/Prefabs/Interactive/Flares/Soft/FlareSoftRed.prefab
  artifactKey: Guid(f679d5e01ec7924469e78404ac7d0358) Importer(815301076,1909f56bfc062723c751e8b465ee728b)
Start importing Assets/Epic Toon FX/Prefabs/Interactive/Flares/Soft/FlareSoftRed.prefab using Guid(f679d5e01ec7924469e78404ac7d0358) Importer(815301076,1909f56bfc062723c751e8b465ee728b)  -> (artifact id: '7f9f1c14fe9d8ba0b3c2cd60ea77ed13') in 0.023525 seconds 
========================================================================
Received Import Request.
  Time since last request: 14.165574 seconds.
  path: Assets/Epic Toon FX/Prefabs/Environment/Confetti/Blast/ConfettiBlastGreenYellow.prefab
  artifactKey: Guid(1c417f6a98778594d92a7a8883ede96e) Importer(815301076,1909f56bfc062723c751e8b465ee728b)
Start importing Assets/Epic Toon FX/Prefabs/Environment/Confetti/Blast/ConfettiBlastGreenYellow.prefab using Guid(1c417f6a98778594d92a7a8883ede96e) Importer(815301076,1909f56bfc062723c751e8b465ee728b)  -> (artifact id: '8cf0739310adb4f23ab3c4097f075c22') in 0.020102 seconds 
========================================================================
Received Import Request.
  Time since last request: 0.000017 seconds.
  path: Assets/Epic Toon FX/Prefabs/Environment/Confetti/Blast/ConfettiBlastRed.prefab
  artifactKey: Guid(aa67315846cbf1a4db925cced0c050da) Importer(815301076,1909f56bfc062723c751e8b465ee728b)
Start importing Assets/Epic Toon FX/Prefabs/Environment/Confetti/Blast/ConfettiBlastRed.prefab using Guid(aa67315846cbf1a4db925cced0c050da) Importer(815301076,1909f56bfc062723c751e8b465ee728b)  -> (artifact id: 'b564e6e7a8bff567c6a0802431ff2ddf') in 0.030579 seconds 
========================================================================
Received Prepare
Registering precompiled user dll's ...
Registered in 0.009353 seconds.
Begin MonoManager ReloadAssembly
Symbol file LoadedFromMemory doesn't match image C:\Users\eraya\OneDrive\Documents\GitHub\CubeSurfer\Library\PackageCache\com.unity.visualscripting@1.7.5\Editor\VisualScripting.Core\Dependencies\YamlDotNet\Unity.VisualScripting.YamlDotNet.dll
Symbol file LoadedFromMemory doesn't match image C:\Users\eraya\OneDrive\Documents\GitHub\CubeSurfer\Library\PackageCache\com.unity.visualscripting@1.7.5\Editor\VisualScripting.Core\Dependencies\DotNetZip\Unity.VisualScripting.IonicZip.dll
Native extension for WindowsStandalone target not found
Refreshing native plugins compatible for Editor in 0.71 ms, found 3 plugins.
Preloading 0 native plugins for Editor in 0.00 ms.
Mono: successfully reloaded assembly
- Completed reload, in  1.336 seconds
Domain Reload Profiling:
	ReloadAssembly (1337ms)
		BeginReloadAssembly (164ms)
			ExecutionOrderSort (0ms)
			DisableScriptedObjects (7ms)
			BackupInstance (0ms)
			ReleaseScriptingObjects (0ms)
			CreateAndSetChildDomain (50ms)
		EndReloadAssembly (1039ms)
			LoadAssemblies (95ms)
			RebuildTransferFunctionScriptingTraits (0ms)
			SetupTypeCache (306ms)
			ReleaseScriptCaches (2ms)
			RebuildScriptCaches (56ms)
			SetupLoadedEditorAssemblies (425ms)
				LogAssemblyErrors (0ms)
				InitializePlatformSupportModulesInManaged (16ms)
				SetLoadedEditorAssemblies (1ms)
				RefreshPlugins (1ms)
				BeforeProcessingInitializeOnLoad (87ms)
				ProcessInitializeOnLoadAttributes (276ms)
				ProcessInitializeOnLoadMethodAttributes (35ms)
				AfterProcessingInitializeOnLoad (10ms)
				EditorAssembliesLoaded (0ms)
			ExecutionOrderSort2 (0ms)
			AwakeInstancesAfterBackupRestoration (10ms)
Platform modules already initialized, skipping
Refreshing native plugins compatible for Editor in 1.10 ms, found 3 plugins.
Preloading 0 native plugins for Editor in 0.00 ms.
Unloading 3127 Unused Serialized files (Serialized files now loaded: 0)
Unloading 22 unused Assets / (25.8 KB). Loaded Objects now: 3632.
Memory consumption went from 131.6 MB to 131.6 MB.
Total: 4.246600 ms (FindLiveObjects: 0.576100 ms CreateObjectMapping: 0.413000 ms MarkObjects: 3.198000 ms  DeleteObjects: 0.058200 ms)

AssetImportParameters requested are different than current active one (requested -> active):
  custom:video-decoder-ogg-theora: a1e56fd34408186e4bbccfd4996cb3dc -> 
  custom:container-muxer-webm: aa71ff27fc2769a1b78a27578f13a17b -> 
  custom:container-demuxer-webm: 4f35f7cbe854078d1ac9338744f61a02 -> 
  custom:video-encoder-webm-vp8: eb34c28f22e8b96e1ab97ce403110664 -> 
  custom:audio-encoder-webm-vorbis: bf7c407c2cedff20999df2af8eb42d56 -> 
  custom:framework-win-MediaFoundation: 216162199b28c13a410421893ffa2e32 -> 
  custom:container-demuxer-ogg: 62fdf1f143b41e24485cea50d1cbac27 -> 
  custom:video-decoder-webm-vp8: 9c59270c3fd7afecdb556c50c9e8de78 -> 
  custom:audio-decoder-ogg-vorbis: bf7c407c2cedff20999df2af8eb42d56 -> 
Editor requested this worker to shutdown with reason: Scaling down because of idle timeout
AssetImportWorker is now disconnected from the server
Process exiting
Exiting without the bug reporter. Application will terminate with return code 0